Iteration	Posterior	Likelihood	Prior	rate_log_sd	rate_neo	tree_length
0	-2247.372	-2906.858	659.4859	1.280802	0.6766475	1.743301
6	-2238.078	-2897.45	659.372	1.443328	0.7896575	1.607174
12	-2245.464	-2904.585	659.1205	1.354478	0.8627859	1.788678
18	-2247.44	-2906.549	659.1097	1.398776	0.8627859	1.765346
24	-2247.177	-2905.02	657.843	1.043646	0.8416686	2.822905
30	-2245.191	-2902.411	657.2197	0.9993126	0.8733307	3.201951
36	-2265.526	-2923.063	657.5364	0.9663032	0.6417477	3.203204
42	-2255.263	-2912.694	657.4312	0.9343421	0.6691647	3.262202
48	-2259.026	-2916.707	657.6815	1.126916	0.8695103	2.851359
54	-2252.603	-2910.746	658.143	0.9485942	0.7769931	2.744082
60	-2262.871	-2921.036	658.1644	1.185095	0.7553047	2.601757
66	-2250.441	-2908.685	658.2436	1.149219	0.9950834	2.408538
72	-2252.583	-2910.842	658.2588	1.074995	0.8558668	2.538144
78	-2260.053	-2917.812	657.7591	1.148349	0.8293976	2.818749
84	-2280.825	-2938.712	657.8872	1.103438	0.6791235	2.880842
90	-2286.278	-2944.339	658.061	1.141015	0.7928095	2.664766
96	-2276.696	-2936.09	659.3947	1.302388	0.6150719	1.850421
102	-2266.407	-2923.405	656.9977	0.9709503	0.8212857	3.384243
108	-2256.714	-2914.789	658.0748	0.9462922	0.7778219	2.786526
114	-2245.696	-2903.722	658.0254	0.9158427	0.6550509	2.930275
120	-2243.341	-2900.966	657.6245	0.9934444	0.6550509	3.123919
126	-2233.675	-2891.648	657.9737	1.087687	0.9175895	2.66493
132	-2213.16	-2871.53	658.3708	1.09875	0.8847692	2.433096
138	-2231.354	-2890.485	659.131	1.186152	0.5641859	2.153748
144	-2230.254	-2889.161	658.9062	1.195319	0.7046685	2.166044
150	-2247.404	-2906.774	659.3699	1.261483	0.7891648	1.738751
156	-2245.788	-2904.828	659.0403	1.118453	0.6943183	2.137552
162	-2244.413	-2902.493	658.0804	1.159698	0.9007078	2.565672
168	-2245.524	-2904.462	658.9385	1.235155	0.8960838	1.969081
174	-2258.796	-2916.695	657.8987	0.9997229	0.7902991	2.852001
180	-2252.815	-2911.03	658.215	1.003301	0.585025	2.822783
186	-2263.289	-2921.894	658.6048	1.062569	0.7368417	2.417581
192	-2249.31	-2908.276	658.9663	1.229232	0.899742	1.9517
198	-2250.984	-2910.052	659.0684	1.395542	1.034242	1.670774
204	-2274.145	-2932.555	658.41	1.239037	0.8497329	2.344223
210	-2267.131	-2925.868	658.737	1.106417	0.7186679	2.320567
216	-2254.835	-2913.723	658.888	1.256654	0.7844065	2.072856
222	-2246.709	-2905.001	658.2917	1.090324	0.7506179	2.585135
228	-2258.799	-2917.392	658.5927	1.090324	0.5343708	2.585135
234	-2241.105	-2899.79	658.6849	1.252217	0.803214	2.193853
240	-2246.744	-2905.81	659.0659	1.218524	0.8420338	1.934922
246	-2239.735	-2898.348	658.6125	1.218524	0.8235317	2.247016
252	-2245.516	-2904.168	658.6518	1.222955	0.7159574	2.302777
258	-2241.436	-2899.548	658.1129	1.042435	0.6366613	2.815996
264	-2237.364	-2895.493	658.1297	1.032008	0.6287541	2.818868
270	-2228.979	-2886.198	657.2187	1.108207	0.6287541	3.317705
276	-2225.551	-2884	658.4489	1.146032	0.7757271	2.433079
282	-2223.928	-2882	658.0716	1.155998	0.9098688	2.567305
288	-2242.817	-2901.589	658.7721	1.15383	0.8352069	2.177046
294	-2231.384	-2890.048	658.6633	1.230991	0.8380027	2.195452
300	-2239.745	-2898.655	658.9099	1.390379	0.9695001	1.830619
306	-2222.504	-2881.004	658.4997	1.390379	1.175952	1.975774
312	-2227.482	-2886.321	658.8391	1.390379	0.807066	1.998845
318	-2215.232	-2874.251	659.0192	1.35745	0.8630876	1.856172
324	-2216.798	-2875.857	659.059	1.379798	0.766563	1.890543
330	-2207	-2865.232	658.2322	1.147525	0.7833377	2.561843
336	-2225.723	-2883.537	657.8139	0.9799582	0.6830814	2.996243
342	-2225.695	-2883.529	657.8343	1.157515	0.7876757	2.797157
348	-2222.899	-2881.379	658.4797	1.157515	0.752321	2.42439
354	-2236.34	-2895.333	658.9936	1.276634	0.742457	2.02367
360	-2244.993	-2903.887	658.8939	1.285321	0.889987	1.96977
366	-2232.784	-2891.119	658.3349	1.220506	0.8062093	2.435089
372	-2235.507	-2894.059	658.5525	1.209304	0.8062093	2.304298
378	-2240.378	-2899.126	658.7482	1.339996	0.9131272	2.013829
384	-2235.76	-2894.827	659.0671	1.467336	0.851228	1.756331
390	-2236.172	-2895.61	659.4379	1.467336	0.7097561	1.61371
396	-2239.304	-2898.878	659.5741	1.487382	0.6166201	1.591857
402	-2249.086	-2908.181	659.0947	1.258777	0.8432005	1.887303
408	-2259.932	-2919.325	659.3934	1.467357	0.8024013	1.562924
414	-2250.532	-2909.606	659.0736	1.320054	0.8212274	1.877098
420	-2248.834	-2908.144	659.3107	1.343816	0.5755617	1.91868
426	-2239.354	-2897.956	658.6014	1.370011	1.029442	2.012364
432	-2227.325	-2885.891	658.5659	1.212095	0.8356785	2.272089
438	-2229.21	-2887.952	658.7413	1.289895	0.8356785	2.10802
444	-2227.001	-2886.226	659.2254	1.364934	0.7166294	1.829502
450	-2228.14	-2887.156	659.0164	1.312462	0.7152985	2.007513
456	-2245.1	-2904.177	659.077	1.305684	0.6586429	2.021418
462	-2246.155	-2904.987	658.8316	1.171119	0.7145519	2.221762
468	-2248.922	-2906.844	657.9223	1.098371	0.6177267	2.913706
474	-2242.477	-2900.655	658.1787	1.17965	1.033515	2.406297
480	-2233.483	-2891.888	658.405	1.260697	0.9518	2.263032
486	-2222.392	-2880.387	657.9954	1.204379	0.9536539	2.555861
492	-2228.549	-2886.806	658.2573	1.209412	0.9238929	2.408288
498	-2226.908	-2885.323	658.4149	1.161534	0.7268806	2.482589
504	-2224.684	-2883.756	659.0723	1.133623	0.7313866	2.075406
510	-2240.046	-2898.282	658.2354	1.316728	1.092725	2.246842
516	-2249.445	-2907.794	658.3487	1.346432	1.347395	2.009811
522	-2247.147	-2906.075	658.928	1.346432	1.142972	1.732677
528	-2241.232	-2900.626	659.3937	1.4048	0.6642468	1.732677
534	-2235.187	-2894.355	659.1682	1.388126	0.6642468	1.899773
540	-2247.229	-2907.553	660.3241	1.890422	0.4685946	0.7646321
546	-2255.194	-2915.122	659.9273	1.869995	0.7787804	0.7239807
552	-2261.337	-2920.611	659.2737	1.503157	0.8939727	1.548433
558	-2250.949	-2910.488	659.539	1.447264	0.6619253	1.600755
564	-2233.953	-2893.157	659.2038	1.407182	0.8064294	1.738743
570	-2234.412	-2893.522	659.1098	1.407182	1.015239	1.646169
576	-2224.338	-2883.77	659.4324	1.477791	0.8303954	1.502107
582	-2221.122	-2880.392	659.2698	1.597353	0.822598	1.540831
588	-2227.458	-2887.06	659.6021	1.734332	0.833563	1.156411
594	-2220.501	-2880.268	659.7672	1.773555	0.8053421	0.9958201
600	-2221.767	-2881.326	659.5587	1.648754	0.8053421	1.293104
606	-2231.242	-2890.626	659.3847	1.481002	0.7351988	1.618941
612	-2233.004	-2892.567	659.5628	1.481002	0.9352419	1.308864
618	-2240.175	-2900.017	659.8423	1.54111	0.7137232	1.240587
624	-2239.126	-2899.079	659.9539	1.896186	0.7085266	0.7759781
630	-2241.742	-2901.072	659.3294	1.538478	1.166656	1.270048
636	-2252.536	-2911.83	659.2942	1.358549	0.9560435	1.591202
642	-2246.708	-2906	659.2923	1.813862	1.160833	1.065833
648	-2235.805	-2895.361	659.5553	1.596718	0.9230435	1.230243
654	-2251.576	-2910.474	658.8972	1.596718	1.254883	1.502999
660	-2254.234	-2913.25	659.0159	1.331173	0.6615196	2.042448
666	-2262.039	-2920.81	658.7713	1.348127	0.9512519	1.966154
672	-2232.637	-2891.189	658.5524	1.381828	0.943929	2.09409
678	-2232.255	-2890.959	658.7037	1.343961	0.8419715	2.092521
684	-2231.147	-2890.305	659.159	1.243322	0.569763	2.092521
690	-2235.656	-2894.644	658.9882	1.387535	0.7023901	1.987364
696	-2240.08	-2899.213	659.1337	1.461157	0.9106307	1.667472
702	-2260.891	-2919.385	658.4938	1.390037	0.9896928	2.096378
708	-2254.46	-2913.379	658.9189	1.31518	0.5939462	2.17887
714	-2259.299	-2918.595	659.2959	1.489017	1.004948	1.455876
720	-2271.263	-2930.884	659.6211	1.489017	0.6315873	1.540609
726	-2256.98	-2916.284	659.3044	1.489017	0.888525	1.540609
732	-2248.972	-2907.957	658.9853	1.32229	1.006263	1.799987
738	-2253.883	-2912.308	658.4254	1.31372	0.9815896	2.196055
744	-2243.749	-2901.889	658.1404	1.249076	0.9842838	2.417563
750	-2263.027	-2921.184	658.1565	1.307835	1.249241	2.213827
756	-2261.711	-2919.305	657.5942	1.08558	0.9895261	2.852439
762	-2258.578	-2916.176	657.5981	0.9941678	0.7264304	3.083295
768	-2264.975	-2922.956	657.9812	1.098128	0.837306	2.708308
774	-2252.63	-2910.716	658.0869	1.225075	0.6140926	2.739912
780	-2248.343	-2906.977	658.6336	1.217147	0.8994868	2.179404
786	-2246.171	-2905.293	659.1225	1.253492	0.7338197	1.960317
792	-2268.041	-2926.446	658.4054	1.238468	0.6867488	2.472787
798	-2246.505	-2905.4	658.8949	1.138548	0.6867488	2.225249
804	-2237.821	-2896.435	658.6136	1.3037	0.7991057	2.209755
810	-2221.951	-2880.535	658.5838	1.313353	0.7991057	2.222781
816	-2223.206	-2882.054	658.8479	1.276588	0.6528267	2.19591
822	-2235.409	-2894.289	658.8795	1.244935	0.6528267	2.19591
828	-2225.154	-2884.267	659.1129	1.32732	0.885173	1.79559
834	-2237.094	-2895.84	658.7466	1.441422	0.8060253	2.027263
840	-2234.827	-2894.323	659.4957	1.523395	0.7022131	1.537493
846	-2241.296	-2900.648	659.3522	1.426564	0.7022131	1.711145
852	-2235.205	-2894.223	659.0179	1.416874	0.7450738	1.911195
858	-2231.967	-2891.118	659.1515	1.353446	0.7189192	1.885928
864	-2238.742	-2897.938	659.1964	1.359921	0.6794695	1.885928
870	-2238.986	-2898.083	659.0974	1.387999	0.8588875	1.784497
876	-2250.454	-2910.048	659.5941	1.449512	0.6206008	1.600724
882	-2241.39	-2900.542	659.1526	1.489919	0.887014	1.651675
888	-2226.843	-2886.117	659.2743	1.375086	0.7070746	1.79723
894	-2229.598	-2888.874	659.2758	1.366288	0.6933008	1.814679
900	-2244.315	-2903.451	659.136	1.330238	0.83724	1.814679
906	-2230.306	-2889.14	658.8344	1.389255	0.7836016	2.021215
912	-2223.172	-2881.905	658.7331	1.37034	0.9061276	2.008682
918	-2238.818	-2898.067	659.2488	1.389279	0.8372437	1.694465
924	-2228.517	-2887.94	659.4236	1.389279	0.705651	1.683807
930	-2235.478	-2894.425	658.9479	1.358459	0.7683864	1.978352
936	-2230.135	-2888.825	658.6902	1.207552	0.8497698	2.184553
942	-2229.282	-2887.788	658.5061	1.191641	0.8970403	2.279757
948	-2227.94	-2886.667	658.7269	1.126975	0.6316583	2.387771
954	-2227.376	-2885.878	658.5027	1.212861	0.9379041	2.240316
960	-2230.462	-2888.732	658.2702	1.260791	1.134343	2.235741
966	-2232.559	-2891.402	658.8426	1.260791	0.9371299	1.986778
972	-2230.117	-2889.453	659.3354	1.486686	0.9036819	1.50705
978	-2232.313	-2891.904	659.5911	1.662728	0.8115639	1.248859
984	-2247.403	-2906.76	659.3567	1.567655	1.025065	1.331556
990	-2230.575	-2890.362	659.7873	1.503845	0.6775702	1.354152
996	-2245.486	-2905.435	659.9492	1.499504	0.6566337	1.249089
1002	-2245.825	-2905.197	659.3722	1.566145	1.042559	1.306559
1008	-2256.985	-2916.237	659.2522	1.653502	1.131399	1.265022
1014	-2242.104	-2901.92	659.8158	1.664655	0.7818428	1.080917
1020	-2250.782	-2910.353	659.5708	1.618683	0.7818428	1.330193
1026	-2247.937	-2907.803	659.8658	1.599424	0.5822652	1.322115
1032	-2238.483	-2898.132	659.6496	1.475191	0.8414981	1.326158
1038	-2250.683	-2910.44	659.7571	1.553705	0.6892301	1.326158
1044	-2252.681	-2912.399	659.7181	1.585	0.7646241	1.254507
1050	-2239.573	-2898.088	658.5149	1.276181	1.067869	2.107002
1056	-2250.869	-2908.957	658.0881	1.068205	0.8697382	2.638511
1062	-2269.504	-2928.307	658.803	1.206209	0.5807432	2.335816
1068	-2273.572	-2932.239	658.6671	1.292993	0.6001722	2.348915
1074	-2282.318	-2940.227	657.9082	1.167935	1.047601	2.574326
1080	-2267.462	-2925.589	658.127	1.084152	0.7156669	2.717586
1086	-2267.649	-2926.074	658.4254	1.113603	0.6275706	2.588417
1092	-2251.338	-2910.047	658.7088	1.137038	0.7004763	2.333916
1098	-2251.367	-2909.838	658.4707	1.228657	0.8199213	2.333916
1104	-2249.484	-2908.524	659.0402	1.285692	0.830648	1.915707
1110	-2246.325	-2904.814	658.4893	1.196383	0.7052969	2.431295
1116	-2261.052	-2919.17	658.1181	1.124987	0.8525488	2.596733
1122	-2282.726	-2941.923	659.1972	1.353711	0.6428511	1.923251
1128	-2282.789	-2941.724	658.9352	1.353711	0.7643006	1.993302
1134	-2257.236	-2915.447	658.2111	1.05713	0.5680483	2.807897
1140	-2254.389	-2913.14	658.7508	1.195607	0.6760772	2.290283
1146	-2252.036	-2910.749	658.7129	1.143578	0.7459227	2.290283
1152	-2245.635	-2903.119	657.4844	0.9835113	0.5644349	3.289999
1158	-2243.331	-2901.137	657.8061	1.046686	0.5952236	3.034151
1164	-2245.853	-2903.936	658.0824	1.06727	0.6030118	2.848442
1170	-2250.709	-2907.943	657.2337	0.9624147	0.9453003	3.169705
1176	-2242.602	-2899.347	656.7449	0.8872255	0.7282725	3.645986
1182	-2241.995	-2899.289	657.2933	0.9366365	0.7381236	3.289436
1188	-2249.776	-2906.878	657.1021	1.027808	0.8933888	3.241631
1194	-2260.895	-2919.691	658.7959	1.098267	0.541052	2.446859
1200	-2242.084	-2900.802	658.7179	1.138538	0.8198568	2.233361
1206	-2259.98	-2917.929	657.9492	1.246761	0.9191341	2.580794
1212	-2255.237	-2913.418	658.1816	1.192219	0.9126537	2.474214
1218	-2258.565	-2916.763	658.1977	1.0819	0.6814378	2.702948
1224	-2249.558	-2907.424	657.8659	1.098584	0.8870389	2.744579
1230	-2278.764	-2937.778	659.0139	1.357589	1.130782	1.671831
1236	-2262.023	-2921.146	659.1226	1.370452	0.7942043	1.830686
1242	-2248.451	-2906.642	658.1912	1.154488	0.7231161	2.628947
1248	-2253.174	-2911.637	658.4624	1.015655	0.6243294	2.628947
1254	-2249.911	-2907.956	658.0453	1.05723	0.6560144	2.831866
1260	-2250.661	-2909.515	658.8543	1.296282	0.8561918	2.013825
1266	-2243.041	-2901.575	658.5339	1.311718	0.8141481	2.244643
1272	-2237.557	-2895.354	657.7962	1.07903	0.7741325	2.877826
1278	-2244.741	-2902.952	658.2116	1.082445	0.9151049	2.522471
1284	-2233.028	-2891.112	658.0842	1.190042	0.9337411	2.522471
1290	-2235.7	-2893.525	657.8252	1.167612	0.828843	2.767171
1296	-2230.61	-2889.646	659.0357	1.335639	0.787369	1.919236
1302	-2224.324	-2883.391	659.0675	1.241379	0.5876193	2.13623
1308	-2222.52	-2881.558	659.0374	1.21215	0.6226626	2.14193
1314	-2222.935	-2882.003	659.0683	1.133337	0.4680701	2.3283
1320	-2221.441	-2880.395	658.9535	1.219344	0.7433101	2.087347
1326	-2232.601	-2891.797	659.1959	1.256238	0.6381076	1.994013
1332	-2248.425	-2907.377	658.9515	1.259569	0.7864126	2.027325
1338	-2251.107	-2909.985	658.8777	1.268605	0.8407975	2.028234
1344	-2247.374	-2905.98	658.6056	1.268605	0.7599434	2.267832
1350	-2251.095	-2909.896	658.8004	1.199936	0.4954457	2.426367
1356	-2250.632	-2909.611	658.9793	1.217602	0.6355065	2.16442
1362	-2250.418	-2909.139	658.7213	1.18417	0.7424398	2.261691
1368	-2260.209	-2918.251	658.0419	1.281119	1.103631	2.386517
1374	-2253.073	-2912.186	659.1133	1.227036	0.4984027	2.206381
1380	-2266.46	-2925.757	659.2969	1.240959	0.6093661	1.96388
1386	-2256.442	-2915.519	659.0768	1.368218	0.7542904	1.896511
1392	-2253.16	-2911.986	658.8267	1.347709	1.053698	1.859693
1398	-2244.808	-2903.635	658.8273	1.30193	0.9496367	1.960706
1404	-2256.203	-2915.616	659.413	1.30193	0.5671691	1.886283
1410	-2242.982	-2901.837	658.8544	1.304173	0.7590409	2.083962
1416	-2246.619	-2905.632	659.0137	1.261809	0.8213985	1.956851
1422	-2244.795	-2903.34	658.5446	1.236563	0.9085603	2.2181
1428	-2248.392	-2906.911	658.5187	1.363839	1.049966	2.058089
1434	-2230.869	-2889.638	658.7694	1.356464	0.7978403	2.074694
1440	-2229.944	-2888.951	659.007	1.149663	0.626748	2.198489
1446	-2226.312	-2884.977	658.6653	1.140516	0.8788475	2.223058
1452	-2225.364	-2884.069	658.7041	1.217042	0.7598106	2.237786
1458	-2225.286	-2883.603	658.3164	1.104796	0.7024724	2.598659
1464	-2219.151	-2877.088	657.937	1.040188	0.6312447	2.92845
1470	-2226.984	-2884.814	657.8294	1.172092	0.9295876	2.693898
1476	-2239.081	-2897.488	658.4066	1.132598	0.9295876	2.358598
1482	-2225.707	-2884.107	658.4004	1.202394	0.649107	2.530136
1488	-2235.436	-2894.322	658.8858	1.160982	0.6934644	2.210981
1494	-2240.034	-2898.493	658.459	1.118658	0.6934644	2.50869
1500	-2231.882	-2889.692	657.8108	0.9487041	0.5325322	3.146664
1506	-2234.305	-2890.767	656.4612	0.8543559	0.6511648	3.887046
1512	-2219.232	-2876.836	657.6039	1.116023	0.6672376	3.053193
1518	-2232.661	-2891.066	658.4052	1.10555	0.6564593	2.581131
1524	-2226.635	-2884.4	657.7648	1.114071	0.8046042	2.853589
1530	-2231.605	-2890.806	659.2009	1.265527	0.6779769	1.948095
1536	-2229.865	-2888.479	658.6144	1.350054	0.8737363	2.123667
1542	-2250.72	-2910.143	659.4228	1.196813	0.7745463	1.759324
1548	-2243.035	-2902.145	659.1107	1.257815	0.6937256	1.999693
1554	-2232.342	-2891.359	659.017	1.329373	0.7529452	1.96421
1560	-2237.21	-2896.655	659.4452	1.3157	0.6247263	1.796976
1566	-2223.918	-2883.167	659.2493	1.3482	0.7837414	1.767042
1572	-2250.164	-2908.488	658.324	1.293222	0.9924763	2.267462
1578	-2262.263	-2920.727	658.4638	1.180188	0.9924763	2.250276
1584	-2261.693	-2919.525	657.8327	1.058714	0.8826585	2.792131
1590	-2238.14	-2896.699	658.5589	1.103164	0.6617938	2.482317
1596	-2224.579	-2882.037	657.4575	1.006174	0.8244403	3.089347
1602	-2219.675	-2877.725	658.0504	1.125827	0.7259851	2.73093
1608	-2232.974	-2891.386	658.4116	1.209375	0.93999	2.299544
1614	-2263.59	-2922.736	659.1453	1.386978	0.9300306	1.697312
1620	-2256.044	-2915.609	659.5647	1.452829	0.7763246	1.469152
1626	-2243.742	-2903.038	659.2963	1.544671	0.8205616	1.561915
1632	-2285.902	-2943.69	657.7886	1.105997	1.215131	2.592156
1638	-2279.056	-2937.452	658.3963	1.126372	0.6671208	2.564733
1644	-2261.217	-2919.893	658.6768	1.433367	0.9459158	1.976058
1650	-2250.734	-2909.942	659.2079	1.433459	0.8678122	1.667655
1656	-2259.932	-2917.929	657.9963	1.407896	1.540313	2.105517
1662	-2239.722	-2898.725	659.003	1.291926	0.6511968	2.086167
1668	-2227.516	-2886.233	658.717	1.224211	0.809155	2.186651
1674	-2231.365	-2890.025	658.6599	1.26112	0.7207622	2.269227
1680	-2243.768	-2902.853	659.0847	1.15839	0.6734289	2.100411
1686	-2234.311	-2893.528	659.2162	1.16914	0.5327881	2.141015
1692	-2242.703	-2901.401	658.6975	1.196472	0.6035454	2.387736
1698	-2246.649	-2905.381	658.7321	1.070429	0.6690677	2.387736
1704	-2243.674	-2902.101	658.4267	1.152406	0.7378836	2.472217
1710	-2231.104	-2890.592	659.4878	1.485261	0.7644539	1.513447
1716	-2244.038	-2903.438	659.4002	1.515658	0.8490317	1.481876
1722	-2237.627	-2896.646	659.0186	1.491898	0.9182643	1.721512
1728	-2240.248	-2899.136	658.8881	1.49589	1.108872	1.677223
1734	-2230.373	-2889.391	659.0178	1.472	0.9988446	1.677223
1740	-2234.161	-2892.465	658.3036	1.205358	0.8439209	2.436951
1746	-2235.778	-2894.7	658.9227	1.151462	0.6650896	2.217659
1752	-2238.965	-2897.399	658.4338	1.112985	0.5863668	2.620369
1758	-2251.99	-2909.727	657.7368	0.9598164	0.7763722	2.983843
1764	-2254.604	-2912.514	657.9093	0.9288278	0.6679863	2.981738
1770	-2264.329	-2921.928	657.5986	1.061362	0.6461325	3.106157
1776	-2246.553	-2904.342	657.7886	1.042681	0.7436177	2.926957
1782	-2243.52	-2901.943	658.4234	1.171058	0.723881	2.473661
1788	-2248.694	-2907.12	658.4265	1.171886	0.8896561	2.34823
1794	-2252.741	-2911.38	658.6393	1.17718	0.7707456	2.296359
1800	-2260.341	-2918.629	658.2878	1.135678	0.8360104	2.496178
1806	-2256.536	-2914.659	658.1222	1.042746	0.6384941	2.808634
1812	-2256.263	-2915.138	658.8748	1.220918	0.6869047	2.184907
1818	-2250.481	-2908.511	658.0301	1.163967	0.8786704	2.609066
1824	-2240.497	-2898.109	657.6115	1.064319	0.4940437	3.233304
1830	-2247.268	-2906.227	658.9589	1.310853	0.5178126	2.231431
1836	-2255.53	-2913.869	658.3389	1.14382	0.5811423	2.664627
1842	-2262.545	-2921.58	659.0345	1.288515	0.6050583	2.110372
1848	-2257.38	-2916.156	658.7751	1.3406	0.8005149	2.079303
1854	-2257.41	-2916.142	658.7325	1.19775	0.7108833	2.271427
1860	-2266.328	-2924.996	658.6679	1.20435	0.7570004	2.271427
1866	-2273.914	-2932.786	658.8726	1.266424	0.7570004	2.098419
1872	-2265.954	-2924.563	658.6091	1.196921	0.7463206	2.322178
1878	-2255.376	-2914.546	659.1698	1.218266	0.6178888	2.055412
1884	-2262.191	-2921.463	659.2717	1.318388	0.6485094	1.89144
1890	-2242.909	-2901.602	658.693	1.231399	0.6550676	2.322415
1896	-2234.513	-2893.407	658.894	1.300477	0.8192656	2.012674
1902	-2240.563	-2899.59	659.0272	1.240066	0.7411226	2.026747
1908	-2244.773	-2903.734	658.9612	1.212337	0.7489375	2.082269
1914	-2253.812	-2912.788	658.9758	1.250894	0.7069385	2.082269
1920	-2267.819	-2926.949	659.1299	1.171794	0.6715287	2.063544
1926	-2263.291	-2922.042	658.7516	1.300547	0.6715287	2.226288
1932	-2250.38	-2908.704	658.3237	1.135081	0.9611052	2.388749
1938	-2240.393	-2898.809	658.4166	1.082239	0.8033485	2.472719
1944	-2243.423	-2901.473	658.0505	1.094653	0.6829945	2.783862
1950	-2258.879	-2917.586	658.7061	1.104405	0.6829945	2.370907
1956	-2229.479	-2888.085	658.6058	1.13197	0.6829945	2.416902
1962	-2236.459	-2894.331	657.8722	1.06253	0.6855153	2.909505
1968	-2248.298	-2906.819	658.5212	1.212818	0.8569532	2.284853
1974	-2229.255	-2888.204	658.9486	1.289249	0.7262925	2.058609
1980	-2233.231	-2892.392	659.1601	1.389292	0.8789234	1.724165
1986	-2241.986	-2901.163	659.1771	1.322965	0.7863114	1.832353
1992	-2240.225	-2898.573	658.3476	1.354083	1.142846	2.120004
1998	-2247.74	-2905.721	657.9815	1.223104	1.047636	2.494286
2004	-2252.832	-2911.356	658.5243	1.223104	0.932868	2.223242
2010	-2243.654	-2902.634	658.9801	1.323013	0.6404887	2.090485
2016	-2250.535	-2909.305	658.7701	1.31297	0.8556191	2.059027
2022	-2245.912	-2903.522	657.6101	0.9924458	0.8556191	2.984942
2028	-2237.131	-2894.874	657.7429	1.127804	0.8647938	2.816753
2034	-2258.089	-2915.739	657.6506	1.101143	0.9765113	2.816753
2040	-2244.336	-2902.083	657.7478	1.18342	0.9612971	2.716712
2046	-2245.172	-2903.104	657.932	1.126267	0.7422988	2.79042
2052	-2234.251	-2892.577	658.3266	1.044608	0.5203578	2.79042
2058	-2233.766	-2892.23	658.4644	1.17966	0.428155	2.720569
2064	-2246.222	-2904.272	658.0505	1.049543	0.4810895	2.993621
2070	-2239.206	-2897.859	658.6527	1.111159	0.6956103	2.389954
2076	-2250.838	-2908.999	658.1615	1.142462	0.6956103	2.676531
2082	-2263.881	-2922.056	658.1758	1.168278	0.6956103	2.65186
2088	-2247.612	-2906.694	659.0828	1.168278	0.6829916	2.086822
2094	-2263.562	-2920.377	656.8158	0.9237265	0.6320293	3.657952
2100	-2287.809	-2946.81	659.0008	1.176508	0.6504389	2.163749
2106	-2278.035	-2937.13	659.0952	1.214824	0.6743549	2.055531
2112	-2277.455	-2936.084	658.6286	1.261486	0.6315539	2.364922
2118	-2253.414	-2911.645	658.2315	1.163575	0.9695256	2.423445
2124	-2251.756	-2910.265	658.5088	1.280568	1.024364	2.135608
2130	-2273.535	-2932.176	658.6411	1.14546	0.6178531	2.442455
2136	-2238.768	-2897.121	658.3535	1.281008	0.8955506	2.321157
2142	-2225.248	-2883.568	658.3201	1.23423	0.825117	2.421884
2148	-2242.242	-2900.557	658.3145	1.159042	0.7688612	2.514328
2154	-2247.581	-2906.099	658.5173	1.127488	0.706506	2.456051
2160	-2248.463	-2906.743	658.2805	1.062707	0.6435232	2.695421
2166	-2259.866	-2917.972	658.1063	1.144709	0.7127753	2.695421
2172	-2254.711	-2913.445	658.734	1.208325	0.7738368	2.213131
2178	-2245.562	-2904.025	658.4636	1.290456	1.162421	2.07404
2184	-2253.143	-2911.606	658.4636	1.290456	1.162421	2.07404
